poemApps/build/outputs/apk/manifest-merger-debug-report.txt
-- Merging decision tree log ---
manifest
ADDED from AndroidManifest.xml:2:1
	xmlns:android
		ADDED from AndroidManifest.xml:2:11
	package
		ADDED from AndroidManifest.xml:3:5
		INJECTED from AndroidManifest.xml:0:0
		INJECTED from AndroidManifest.xml:0:0
	android:versionName
		ADDED from AndroidManifest.xml:5:5
	android:versionCode
		ADDED from AndroidManifest.xml:4:5
		INJECTED from AndroidManifest.xml:0:0
		INJECTED from AndroidManifest.xml:0:0
uses-sdk
ADDED from AndroidManifest.xml:7:5
MERGED from PoemApps:openCVLibrary2410:unspecified:7:5
	android:targetSdkVersion
		ADDED from AndroidManifest.xml:9:9
		INJECTED from AndroidManifest.xml:0:0
		INJECTED from AndroidManifest.xml:0:0
	android:minSdkVersion
		ADDED from AndroidManifest.xml:8:9
		INJECTED from AndroidManifest.xml:0:0
		INJECTED from AndroidManifest.xml:0:0
uses-permission#android.permission.RECORD_AUDIO
ADDED from AndroidManifest.xml:11:5
	android:name
		ADDED from AndroidManifest.xml:11:22
uses-permission#android.permission.WRITE_EXTERNAL_STORAGE
ADDED from AndroidManifest.xml:12:5
	android:name
		ADDED from AndroidManifest.xml:12:22
uses-permission#android.permission.CAMERA
ADDED from AndroidManifest.xml:13:5
	android:name
		ADDED from AndroidManifest.xml:13:22
uses-feature#android.hardware.camera
ADDED from AndroidManifest.xml:14:5
	android:required
		ADDED from AndroidManifest.xml:14:58
	android:name
		ADDED from AndroidManifest.xml:14:19
uses-feature#android.hardware.camera.autofocus
ADDED from AndroidManifest.xml:15:5
	android:required
		ADDED from AndroidManifest.xml:15:68
	android:name
		ADDED from AndroidManifest.xml:15:19
uses-feature#android.hardware.camera.front
ADDED from AndroidManifest.xml:16:5
	android:required
		ADDED from AndroidManifest.xml:16:64
	android:name
		ADDED from AndroidManifest.xml:16:19
uses-feature#android.hardware.camera.front.autofocus
ADDED from AndroidManifest.xml:17:5
	android:required
		ADDED from AndroidManifest.xml:17:74
	android:name
		ADDED from AndroidManifest.xml:17:19
application
ADDED from AndroidManifest.xml:19:5
	android:label
		ADDED from AndroidManifest.xml:22:9
	android:allowBackup
		ADDED from AndroidManifest.xml:20:9
	android:icon
		ADDED from AndroidManifest.xml:21:9
	android:theme
		ADDED from AndroidManifest.xml:23:9
activity#net.brunovianna.poemapps.PoemAppSplash
ADDED from AndroidManifest.xml:25:9
	android:noHistory
		ADDED from AndroidManifest.xml:28:14
	android:label
		ADDED from AndroidManifest.xml:27:13
	android:name
		ADDED from AndroidManifest.xml:26:13
intent-filter#android.intent.action.MAIN+android.intent.category.LAUNCHER
ADDED from AndroidManifest.xml:31:13
action#android.intent.action.MAIN
ADDED from AndroidManifest.xml:32:17
	android:name
		ADDED from AndroidManifest.xml:32:25
category#android.intent.category.LAUNCHER
ADDED from AndroidManifest.xml:34:17
	android:name
		ADDED from AndroidManifest.xml:34:27
activity#net.brunovianna.poemapps.PoemAppActivity
ADDED from AndroidManifest.xml:37:9
	android:label
		ADDED from AndroidManifest.xml:39:13
	android:name
		ADDED from AndroidManifest.xml:38:13
activity#net.brunovianna.poemapps.doublet.DoubletJogoActivity
ADDED from AndroidManifest.xml:41:9
	android:screenOrientation
		ADDED from AndroidManifest.xml:41:64
	android:theme
		ADDED from AndroidManifest.xml:41:101
	android:name
		ADDED from AndroidManifest.xml:41:19
intent-filter#android.intent.category.DEFAULT
ADDED from AndroidManifest.xml:42:13
category#android.intent.category.DEFAULT
ADDED from AndroidManifest.xml:43:17
	android:name
		ADDED from AndroidManifest.xml:43:27
activity#net.brunovianna.poemapps.doublet.DoubletLivreActivity
ADDED from AndroidManifest.xml:46:9
	android:screenOrientation
		ADDED from AndroidManifest.xml:46:65
	android:theme
		ADDED from AndroidManifest.xml:46:102
	android:name
		ADDED from AndroidManifest.xml:46:19
activity#net.brunovianna.poemapps.doublet.DoubletSplashActivity
ADDED from AndroidManifest.xml:51:9
	android:screenOrientation
		ADDED from AndroidManifest.xml:52:15
	android:noHistory
		ADDED from AndroidManifest.xml:54:17
	android:theme
		ADDED from AndroidManifest.xml:53:16
	android:name
		ADDED from AndroidManifest.xml:51:19
activity#net.brunovianna.poemapps.doublet.DoubletEndGameActivity
ADDED from AndroidManifest.xml:59:10
	android:screenOrientation
		ADDED from AndroidManifest.xml:59:68
	android:theme
		ADDED from AndroidManifest.xml:59:105
	android:name
		ADDED from AndroidManifest.xml:59:20
activity#net.brunovianna.poemapps.rgb.Rgb
ADDED from AndroidManifest.xml:64:10
	android:screenOrientation
		ADDED from AndroidManifest.xml:64:45
	android:theme
		ADDED from AndroidManifest.xml:64:82
	android:name
		ADDED from AndroidManifest.xml:64:20
activity#net.brunovianna.poemapps.bussola.Bussola
ADDED from AndroidManifest.xml:69:10
	android:screenOrientation
		ADDED from AndroidManifest.xml:69:53
	android:theme
		ADDED from AndroidManifest.xml:69:90
	android:name
		ADDED from AndroidManifest.xml:69:20
activity#net.brunovianna.poemapps.sopro.Sopro
ADDED from AndroidManifest.xml:74:10
	android:screenOrientation
		ADDED from AndroidManifest.xml:74:49
	android:theme
		ADDED from AndroidManifest.xml:74:86
	android:name
		ADDED from AndroidManifest.xml:74:20
activity#net.brunovianna.poemapps.sopro.SoproSplash
ADDED from AndroidManifest.xml:79:10
	android:screenOrientation
		ADDED from AndroidManifest.xml:80:14
	android:noHistory
		ADDED from AndroidManifest.xml:82:14
	android:theme
		ADDED from AndroidManifest.xml:81:14
	android:name
		ADDED from AndroidManifest.xml:79:20
activity#net.brunovianna.poemapps.fatorial.Fatorial
ADDED from AndroidManifest.xml:87:9
	android:screenOrientation
		ADDED from AndroidManifest.xml:87:54
	android:theme
		ADDED from AndroidManifest.xml:87:91
	android:name
		ADDED from AndroidManifest.xml:87:19
activity#net.brunovianna.poemapps.relogio.Relogio
ADDED from AndroidManifest.xml:92:10
	android:screenOrientation
		ADDED from AndroidManifest.xml:92:53
	android:theme
		ADDED from AndroidManifest.xml:92:90
	android:name
		ADDED from AndroidManifest.xml:92:20
activity#net.brunovianna.poemapps.cidade.CidadeActivity
ADDED from AndroidManifest.xml:97:10
	android:screenOrientation
		ADDED from AndroidManifest.xml:97:59
	android:theme
		ADDED from AndroidManifest.xml:97:96
	android:name
		ADDED from AndroidManifest.xml:97:20
activity#net.brunovianna.poemapps.pelacidade.PelacidadeActivity
ADDED from AndroidManifest.xml:102:10
	android:screenOrientation
		ADDED from AndroidManifest.xml:104:13
	android:configChanges
		ADDED from AndroidManifest.xml:105:13
	android:theme
		ADDED from AndroidManifest.xml:103:13
	android:name
		ADDED from AndroidManifest.xml:102:20
supports-screens
ADDED from AndroidManifest.xml:113:9
	android:resizeable
		ADDED from AndroidManifest.xml:113:27
	android:largeScreens
		ADDED from AndroidManifest.xml:116:23
	android:anyDensity
		ADDED from AndroidManifest.xml:117:23
	android:normalScreens
		ADDED from AndroidManifest.xml:115:23
	android:smallScreens
		ADDED from AndroidManifest.xml:114:23